# JRE version: OpenJDK Runtime Environment (21.0.8) (build 21.0.8+-14018985-b1038.68)
# Java VM: OpenJDK 64-Bit Server VM (21.0.8+-14018985-b1038.68, mixed mode, tiered, compressed oops, compressed class ptrs, g1 gc, windows-amd64)
GC Precious Log:
 CardTable entry size: 512
 Card Set container configuration: InlinePtr #cards 4 size 8 Array Of Cards #cards 16 size 48 Howl #buckets 8 coarsen threshold 3686 Howl Bitmap #cards 512 size 80 coarsen threshold 460 Card regions per heap region 1 cards per card region 4096
 CPUs: 12 total, 12 available
 Memory: 16068M
 Large Page Support: Disabled
 NUMA Support: Disabled
 Compressed Oops: Enabled (Zero based)
 Heap Region Size: 2M
 Heap Min Capacity: 8M
 Heap Initial Capacity: 252M
 Heap Max Capacity: 4018M
 Pre-touch: Disabled
 Parallel Workers: 10
 Concurrent Workers: 3
 Concurrent Refinement Workers: 10
 Periodic GC: Disabled
Heap:
 garbage-first heap   total 153600K, used 57344K [0x0000000704e00000, 0x0000000800000000)
  region size 2048K, 6 young (12288K), 4 survivors (8192K)
 Metaspace       used 56595K, committed 56832K, reserved 1114112K
  class space    used 6585K, committed 6656K, reserved 1048576K
GC Heap History (20 events):
Event: 1.314 GC heap before
{Heap before GC invocations=0 (full 0):
 garbage-first heap   total 258048K, used 24576K [0x0000000704e00000, 0x0000000800000000)
  region size 2048K, 11 young (22528K), 0 survivors (0K)
 Metaspace       used 13796K, committed 13952K, reserved 1114112K
  class space    used 1335K, committed 1408K, reserved 1048576K
}
Event: 1.322 GC heap after
{Heap after GC invocations=1 (full 0):
 garbage-first heap   total 258048K, used 7092K [0x0000000704e00000, 0x0000000800000000)
  region size 2048K, 2 young (4096K), 2 survivors (4096K)
 Metaspace       used 13796K, committed 13952K, reserved 1114112K
  class space    used 1335K, committed 1408K, reserved 1048576K
}
Event: 2.238 GC heap before
{Heap before GC invocations=1 (full 0):
 garbage-first heap   total 258048K, used 27572K [0x0000000704e00000, 0x0000000800000000)
  region size 2048K, 14 young (28672K), 2 survivors (4096K)
 Metaspace       used 21284K, committed 21504K, reserved 1114112K
  class space    used 2231K, committed 2368K, reserved 1048576K
}
Event: 2.248 GC heap after
{Heap after GC invocations=2 (full 0):
 garbage-first heap   total 258048K, used 8381K [0x0000000704e00000, 0x0000000800000000)
  region size 2048K, 3 young (6144K), 3 survivors (6144K)
 Metaspace       used 21284K, committed 21504K, reserved 1114112K
  class space    used 2231K, committed 2368K, reserved 1048576K
}
Event: 3.148 GC heap before
{Heap before GC invocations=3 (full 0):
 garbage-first heap   total 34816K, used 32957K [0x0000000704e00000, 0x0000000800000000)
  region size 2048K, 15 young (30720K), 3 survivors (6144K)
 Metaspace       used 25758K, committed 25920K, reserved 1114112K
  class space    used 2829K, committed 2880K, reserved 1048576K
}
Event: 3.162 GC heap after
{Heap after GC invocations=4 (full 0):
 garbage-first heap   total 47104K, used 14903K [0x0000000704e00000, 0x0000000800000000)
  region size 2048K, 6 young (12288K), 6 survivors (12288K)
 Metaspace       used 25758K, committed 25920K, reserved 1114112K
  class space    used 2829K, committed 2880K, reserved 1048576K
}
Event: 3.718 GC heap before
{Heap before GC invocations=4 (full 0):
 garbage-first heap   total 47104K, used 29239K [0x0000000704e00000, 0x0000000800000000)
  region size 2048K, 13 young (26624K), 6 survivors (12288K)
 Metaspace       used 29665K, committed 29952K, reserved 1114112K
  class space    used 3275K, committed 3392K, reserved 1048576K
}
Event: 3.733 GC heap after
{Heap after GC invocations=5 (full 0):
 garbage-first heap   total 47104K, used 16144K [0x0000000704e00000, 0x0000000800000000)
  region size 2048K, 1 young (2048K), 1 survivors (2048K)
 Metaspace       used 29665K, committed 29952K, reserved 1114112K
  class space    used 3275K, committed 3392K, reserved 1048576K
}
Event: 4.963 GC heap before
{Heap before GC invocations=5 (full 0):
 garbage-first heap   total 47104K, used 34576K [0x0000000704e00000, 0x0000000800000000)
  region size 2048K, 10 young (20480K), 1 survivors (2048K)
 Metaspace       used 34771K, committed 34944K, reserved 1114112K
  class space    used 4329K, committed 4416K, reserved 1048576K
}
Event: 4.975 GC heap after
{Heap after GC invocations=6 (full 0):
 garbage-first heap   total 47104K, used 17119K [0x0000000704e00000, 0x0000000800000000)
  region size 2048K, 2 young (4096K), 2 survivors (4096K)
 Metaspace       used 34771K, committed 34944K, reserved 1114112K
  class space    used 4329K, committed 4416K, reserved 1048576K
}
Event: 5.161 GC heap before
{Heap before GC invocations=6 (full 0):
 garbage-first heap   total 47104K, used 19167K [0x0000000704e00000, 0x0000000800000000)
  region size 2048K, 5 young (10240K), 2 survivors (4096K)
 Metaspace       used 35715K, committed 35968K, reserved 1114112K
  class space    used 4414K, committed 4544K, reserved 1048576K
}
Event: 5.169 GC heap after
{Heap after GC invocations=7 (full 0):
 garbage-first heap   total 47104K, used 17174K [0x0000000704e00000, 0x0000000800000000)
  region size 2048K, 1 young (2048K), 1 survivors (2048K)
 Metaspace       used 35715K, committed 35968K, reserved 1114112K
  class space    used 4414K, committed 4544K, reserved 1048576K
}
Event: 5.991 GC heap before
{Heap before GC invocations=8 (full 0):
 garbage-first heap   total 47104K, used 35606K [0x0000000704e00000, 0x0000000800000000)
  region size 2048K, 11 young (22528K), 1 survivors (2048K)
 Metaspace       used 41254K, committed 41472K, reserved 1114112K
  class space    used 5005K, committed 5120K, reserved 1048576K
}
Event: 6.004 GC heap after
{Heap after GC invocations=9 (full 0):
 garbage-first heap   total 47104K, used 18700K [0x0000000704e00000, 0x0000000800000000)
  region size 2048K, 2 young (4096K), 2 survivors (4096K)
 Metaspace       used 41254K, committed 41472K, reserved 1114112K
  class space    used 5005K, committed 5120K, reserved 1048576K
}
Event: 6.888 GC heap before
{Heap before GC invocations=9 (full 0):
 garbage-first heap   total 47104K, used 35084K [0x0000000704e00000, 0x0000000800000000)
  region size 2048K, 11 young (22528K), 2 survivors (4096K)
 Metaspace       used 45166K, committed 45376K, reserved 1114112K
  class space    used 5405K, committed 5504K, reserved 1048576K
}
Event: 6.901 GC heap after
{Heap after GC invocations=10 (full 0):
 garbage-first heap   total 153600K, used 20747K [0x0000000704e00000, 0x0000000800000000)
  region size 2048K, 2 young (4096K), 2 survivors (4096K)
 Metaspace       used 45166K, committed 45376K, reserved 1114112K
  class space    used 5405K, committed 5504K, reserved 1048576K
}
Event: 9.457 GC heap before
{Heap before GC invocations=10 (full 0):
 garbage-first heap   total 153600K, used 108811K [0x0000000704e00000, 0x0000000800000000)
  region size 2048K, 45 young (92160K), 2 survivors (4096K)
 Metaspace       used 52866K, committed 53056K, reserved 1114112K
  class space    used 6209K, committed 6272K, reserved 1048576K
}
Event: 9.498 GC heap after
{Heap after GC invocations=11 (full 0):
 garbage-first heap   total 153600K, used 44761K [0x0000000704e00000, 0x0000000800000000)
  region size 2048K, 6 young (12288K), 6 survivors (12288K)
 Metaspace       used 52866K, committed 53056K, reserved 1114112K
  class space    used 6209K, committed 6272K, reserved 1048576K
}
Event: 12.431 GC heap before
{Heap before GC invocations=11 (full 0):
 garbage-first heap   total 153600K, used 95961K [0x0000000704e00000, 0x0000000800000000)
  region size 2048K, 31 young (63488K), 6 survivors (12288K)
 Metaspace       used 56454K, committed 56704K, reserved 1114112K
  class space    used 6579K, committed 6656K, reserved 1048576K
}
Event: 12.482 GC heap after
{Heap after GC invocations=12 (full 0):
 garbage-first heap   total 153600K, used 55296K [0x0000000704e00000, 0x0000000800000000)
  region size 2048K, 4 young (8192K), 4 survivors (8192K)
 Metaspace       used 56454K, committed 56704K, reserved 1114112K
  class space    used 6579K, committed 6656K, reserved 1048576K
}

